<?xml version="1.0" encoding="UTF-8"?>
<coverage generated="1722615199767" clover="3.2.0">
  <project timestamp="1722615199767" name="All files">
    <metrics statements="24" coveredstatements="11" conditionals="1" coveredconditionals="0" methods="10" coveredmethods="6" elements="35" coveredelements="17" complexity="0" loc="24" ncloc="24" packages="1" files="4" classes="4"/>
    <file name="app.ts" path="/Users/mrpocojoy/Proyectos/Repos/software-crafters-tdd/testing-library/src/app.ts">
      <metrics statements="2" coveredstatements="2" conditionals="0" coveredconditionals="0" methods="1" coveredmethods="1"/>
      <line num="1" count="1" type="stmt"/>
      <line num="2" count="1" type="stmt"/>
    </file>
    <file name="stats.ts" path="/Users/mrpocojoy/Proyectos/Repos/software-crafters-tdd/testing-library/src/stats.ts">
      <metrics statements="4" coveredstatements="4" conditionals="0" coveredconditionals="0" methods="3" coveredmethods="3"/>
      <line num="1" count="2" type="stmt"/>
      <line num="2" count="12" type="stmt"/>
      <line num="6" count="2" type="stmt"/>
      <line num="7" count="2" type="stmt"/>
    </file>
    <file name="statsAsync.ts" path="/Users/mrpocojoy/Proyectos/Repos/software-crafters-tdd/testing-library/src/statsAsync.ts">
      <metrics statements="5" coveredstatements="5" conditionals="0" coveredconditionals="0" methods="2" coveredmethods="2"/>
      <line num="1" count="1" type="stmt"/>
      <line num="3" count="1" type="stmt"/>
      <line num="4" count="1" type="stmt"/>
      <line num="8" count="1" type="stmt"/>
      <line num="9" count="1" type="stmt"/>
    </file>
    <file name="testLib.ts" path="/Users/mrpocojoy/Proyectos/Repos/software-crafters-tdd/testing-library/src/testLib.ts">
      <metrics statements="13" coveredstatements="0" conditionals="1" coveredconditionals="0" methods="4" coveredmethods="0"/>
      <line num="7" count="0" type="stmt"/>
      <line num="9" count="0" type="stmt"/>
      <line num="10" count="0" type="stmt"/>
      <line num="11" count="0" type="stmt"/>
      <line num="14" count="0" type="stmt"/>
      <line num="22" count="0" type="stmt"/>
      <line num="33" count="0" type="stmt"/>
      <line num="34" count="0" type="stmt"/>
      <line num="36" count="0" type="cond" truecount="0" falsecount="1"/>
      <line num="37" count="0" type="stmt"/>
      <line num="45" count="0" type="stmt"/>
      <line num="46" count="0" type="stmt"/>
      <line num="47" count="0" type="stmt"/>
    </file>
  </project>
</coverage>
