{"/Users/mrpocojoy/Proyectos/Repos/software-crafters-tdd/testing-library/src/app.ts": {"path":"/Users/mrpocojoy/Proyectos/Repos/software-crafters-tdd/testing-library/src/app.ts","statementMap":{"0":{"start":{"line":2,"column":2},"end":{"line":2,"column":24}},"1":{"start":{"line":1,"column":0},"end":{"line":1,"column":16}}},"fnMap":{"0":{"name":"example","decl":{"start":{"line":1,"column":16},"end":{"line":1,"column":23}},"loc":{"start":{"line":1,"column":23},"end":{"line":3,"column":1}}}},"branchMap":{},"s":{"0":1,"1":1},"f":{"0":1},"b":{}}
,"/Users/mrpocojoy/Proyectos/Repos/software-crafters-tdd/testing-library/src/stats.ts": {"path":"/Users/mrpocojoy/Proyectos/Repos/software-crafters-tdd/testing-library/src/stats.ts","statementMap":{"0":{"start":{"line":2,"column":2},"end":{"line":2,"column":48}},"1":{"start":{"line":2,"column":36},"end":{"line":2,"column":43}},"2":{"start":{"line":1,"column":0},"end":{"line":1,"column":16}},"3":{"start":{"line":7,"column":2},"end":{"line":7,"column":39}},"4":{"start":{"line":6,"column":0},"end":{"line":6,"column":16}}},"fnMap":{"0":{"name":"sum","decl":{"start":{"line":1,"column":16},"end":{"line":1,"column":19}},"loc":{"start":{"line":1,"column":37},"end":{"line":3,"column":1}}},"1":{"name":"(anonymous_1)","decl":{"start":{"line":2,"column":24},"end":{"line":2,"column":25}},"loc":{"start":{"line":2,"column":36},"end":{"line":2,"column":43}}},"2":{"name":"average","decl":{"start":{"line":6,"column":16},"end":{"line":6,"column":23}},"loc":{"start":{"line":6,"column":41},"end":{"line":8,"column":1}}}},"branchMap":{},"s":{"0":4,"1":12,"2":2,"3":2,"4":2},"f":{"0":4,"1":12,"2":2},"b":{}}
,"/Users/mrpocojoy/Proyectos/Repos/software-crafters-tdd/testing-library/src/statsAsync.ts": {"path":"/Users/mrpocojoy/Proyectos/Repos/software-crafters-tdd/testing-library/src/statsAsync.ts","statementMap":{"0":{"start":{"line":1,"column":0},"end":{"line":1,"column":33}},"1":{"start":{"line":4,"column":2},"end":{"line":4,"column":45}},"2":{"start":{"line":3,"column":0},"end":{"line":3,"column":16}},"3":{"start":{"line":9,"column":2},"end":{"line":9,"column":49}},"4":{"start":{"line":8,"column":0},"end":{"line":8,"column":16}}},"fnMap":{"0":{"name":"sum","decl":{"start":{"line":3,"column":16},"end":{"line":3,"column":19}},"loc":{"start":{"line":3,"column":37},"end":{"line":5,"column":1}}},"1":{"name":"average","decl":{"start":{"line":8,"column":16},"end":{"line":8,"column":23}},"loc":{"start":{"line":8,"column":41},"end":{"line":10,"column":1}}}},"branchMap":{},"s":{"0":1,"1":1,"2":1,"3":1,"4":1},"f":{"0":1,"1":1},"b":{}}
,"/Users/mrpocojoy/Proyectos/Repos/software-crafters-tdd/testing-library/src/testLib.ts": {"path":"/Users/mrpocojoy/Proyectos/Repos/software-crafters-tdd/testing-library/src/testLib.ts","statementMap":{"0":{"start":{"line":9,"column":2},"end":{"line":16,"column":null}},"1":{"start":{"line":10,"column":4},"end":{"line":10,"column":21}},"2":{"start":{"line":11,"column":4},"end":{"line":11,"column":56}},"3":{"start":{"line":14,"column":4},"end":{"line":14,"column":70}},"4":{"start":{"line":7,"column":0},"end":{"line":7,"column":22}},"5":{"start":{"line":22,"column":13},"end":{"line":22,"column":23}},"6":{"start":{"line":34,"column":2},"end":{"line":39,"column":4}},"7":{"start":{"line":36,"column":6},"end":{"line":37,"column":156}},"8":{"start":{"line":37,"column":8},"end":{"line":37,"column":156}},"9":{"start":{"line":33,"column":0},"end":{"line":33,"column":16}},"10":{"start":{"line":46,"column":2},"end":{"line":46,"column":27}},"11":{"start":{"line":47,"column":2},"end":{"line":47,"column":13}},"12":{"start":{"line":45,"column":0},"end":{"line":45,"column":16}}},"fnMap":{"0":{"name":"test","decl":{"start":{"line":7,"column":22},"end":{"line":7,"column":26}},"loc":{"start":{"line":7,"column":85},"end":{"line":17,"column":null}}},"1":{"name":"expect","decl":{"start":{"line":33,"column":16},"end":{"line":33,"column":22}},"loc":{"start":{"line":33,"column":57},"end":{"line":40,"column":1}}},"2":{"name":"(anonymous_10)","decl":{"start":{"line":35,"column":10},"end":{"line":35,"column":11}},"loc":{"start":{"line":35,"column":32},"end":{"line":38,"column":5}}},"3":{"name":"describe","decl":{"start":{"line":45,"column":16},"end":{"line":45,"column":24}},"loc":{"start":{"line":45,"column":66},"end":{"line":48,"column":1}}}},"branchMap":{"0":{"loc":{"start":{"line":36,"column":6},"end":{"line":37,"column":156}},"type":"if","locations":[{"start":{"line":36,"column":6},"end":{"line":37,"column":156}}]}},"s":{"0":0,"1":0,"2":0,"3":0,"4":0,"5":0,"6":0,"7":0,"8":0,"9":0,"10":0,"11":0,"12":0},"f":{"0":0,"1":0,"2":0,"3":0},"b":{"0":[0]}}
}
