TN:
SF:src/app.ts
FN:1,example
FNF:1
FNH:1
FNDA:1,example
DA:1,1
DA:2,1
LF:2
LH:2
BRF:0
BRH:0
end_of_record
TN:
SF:src/stats.ts
FN:1,sum
FN:2,(anonymous_1)
FN:6,average
FNF:3
FNH:3
FNDA:4,sum
FNDA:12,(anonymous_1)
FNDA:2,average
DA:1,2
DA:2,12
DA:6,2
DA:7,2
LF:4
LH:4
BRF:0
BRH:0
end_of_record
TN:
SF:src/statsAsync.ts
FN:3,sum
FN:8,average
FNF:2
FNH:2
FNDA:1,sum
FNDA:1,average
DA:1,1
DA:3,1
DA:4,1
DA:8,1
DA:9,1
LF:5
LH:5
BRF:0
BRH:0
end_of_record
TN:
SF:src/testLib.ts
FN:7,test
FN:33,expect
FN:35,(anonymous_10)
FN:45,describe
FNF:4
FNH:0
FNDA:0,test
FNDA:0,expect
FNDA:0,(anonymous_10)
FNDA:0,describe
DA:7,0
DA:9,0
DA:10,0
DA:11,0
DA:14,0
DA:22,0
DA:33,0
DA:34,0
DA:36,0
DA:37,0
DA:45,0
DA:46,0
DA:47,0
LF:13
LH:0
BRDA:36,0,0,0
BRF:1
BRH:0
end_of_record
